Build started 1/23/2017 4:24:40 PM.
     1>Project "D:\segovia project\simple_people_detector\vs2013\project.vcxproj" on node 2 (Build target(s)).
     1>C:\Program Files (x86)\MSBuild\Microsoft.Cpp\v4.0\V120\Microsoft.CppBuild.targets(381,5): warning MSB8028: The intermediate directory (x64\Release\) contains files shared from another project (project.vcxproj).  This can lead to incorrect clean and rebuild behavior.
     1>ClCompile:
         C:\Program Files (x86)\Microsoft Visual Studio 12.0\VC\bin\x86_amd64\CL.exe /c /ID:\opencv\build\include /ID:\opencv\build\include\opencv /ID:\opencv\build\include\opencv2 /Zi /nologo /W3 /WX- /O2 /Oi /GL /D WIN32 /D NDEBUG /D _CONSOLE /D _UNICODE /D UNICODE /Gm- /EHsc /MT /GS /Gy /fp:precise /Zc:wchar_t /Zc:forScope /Fo"x64\Release\\" /Fd"x64\Release\vc120.pdb" /Gd /TP /errorReport:prompt ..\package_analysis\PeopleCounting.cpp
         PeopleCounting.cpp
     1>d:\opencv\build\include\opencv2\flann\logger.h(66): warning C4996: 'fopen': This function or variable may be unsafe. Consider using fopen_s instead. To disable deprecation, use _CRT_SECURE_NO_WARNINGS. See online help for details.
                 C:\Program Files (x86)\Microsoft Visual Studio 12.0\VC\include\stdio.h(211) : see declaration of 'fopen'
     1>..\package_analysis\PeopleCounting.cpp(253): warning C4244: 'argument' : conversion from 'double' to 'int', possible loss of data
     1>..\package_analysis\PeopleCounting.cpp(324): warning C4800: 'int' : forcing value to bool 'true' or 'false' (performance warning)
     1>..\package_analysis\PeopleCounting.cpp(327): warning C4800: 'int' : forcing value to bool 'true' or 'false' (performance warning)
     1>..\package_analysis\PeopleCounting.cpp(328): warning C4800: 'int' : forcing value to bool 'true' or 'false' (performance warning)
       Link:
         C:\Program Files (x86)\Microsoft Visual Studio 12.0\VC\bin\x86_amd64\link.exe /ERRORREPORT:PROMPT /OUT:"D:\segovia project\simple_people_detector\vs2013\x64\Release\vehicle_counting_x86.exe" /INCREMENTAL:NO /NOLOGO /LIBPATH:D:\opencv\build\x64\vc12\lib opencv_calib3d2413.lib opencv_calib3d2413d.lib opencv_contrib2413.lib opencv_contrib2413d.lib opencv_core2413.lib opencv_core2413d.lib opencv_features2d2413.lib opencv_features2d2413d.lib opencv_flann2413.lib opencv_flann2413d.lib opencv_gpu2413.lib opencv_gpu2413d.lib opencv_highgui2413.lib opencv_highgui2413d.lib opencv_imgproc2413.lib opencv_imgproc2413d.lib opencv_legacy2413.lib opencv_legacy2413d.lib opencv_ml2413.lib opencv_ml2413d.lib opencv_nonfree2413.lib opencv_nonfree2413d.lib opencv_objdetect2413.lib opencv_objdetect2413d.lib opencv_ocl2413.lib opencv_ocl2413d.lib opencv_photo2413.lib opencv_photo2413d.lib opencv_stitching2413.lib opencv_stitching2413d.lib opencv_superres2413.lib opencv_superres2413d.lib opencv_ts2413.lib opencv_ts2413d.lib opencv_video2413.lib opencv_video2413d.lib opencv_videostab2413.lib opencv_videostab2413d.lib kernel32.lib user32.lib gdi32.lib winspool.lib comdlg32.lib advapi32.lib shell32.lib ole32.lib oleaut32.lib uuid.lib odbc32.lib odbccp32.lib /MANIFEST /MANIFESTUAC:"level='asInvoker' uiAccess='false'" /manifest:embed /DEBUG /PDB:"D:\segovia project\simple_people_detector\vs2013\x64\Release\vehicle_counting_x86.pdb" /SUBSYSTEM:WINDOWS /OPT:REF /OPT:ICF /LTCG /TLBID:1 /DYNAMICBASE /NXCOMPAT /IMPLIB:"D:\segovia project\simple_people_detector\vs2013\x64\Release\vehicle_counting_x86.lib" /MACHINE:X64 x64\Release\Demo.obj
         x64\Release\PeopleCounting.obj
         x64\Release\PBAS.obj
         x64\Release\PixelBasedAdaptiveSegmenter.obj
         x64\Release\BlobTracking.obj
         x64\Release\cvaux.obj
         x64\Release\cvblob.obj
         x64\Release\cvcolor.obj
         x64\Release\cvcontour.obj
         x64\Release\cvlabel.obj
         x64\Release\cvtrack.obj
         Generating code
     1>d:\segovia project\simple_people_detector\package_tracking\cvblob\cvlabel.cpp(361): warning C4715: 'cvLabel' : not all control paths return a value
         Finished generating code
         project.vcxproj -> D:\segovia project\simple_people_detector\vs2013\x64\Release\vehicle_counting_x86.exe
     1>Done Building Project "D:\segovia project\simple_people_detector\vs2013\project.vcxproj" (Build target(s)).

Build succeeded.

Time Elapsed 00:00:03.67
