c:\users\mark\downloads\simple_vehicle_counting-master\vs2013\x64\release\vc120.pdb
c:\users\mark\downloads\simple_vehicle_counting-master\vs2013\x64\release\cvtrack.obj
c:\users\mark\downloads\simple_vehicle_counting-master\vs2013\x64\release\cvlabel.obj
c:\users\mark\downloads\simple_vehicle_counting-master\vs2013\x64\release\cvcontour.obj
c:\users\mark\downloads\simple_vehicle_counting-master\vs2013\x64\release\cvcolor.obj
c:\users\mark\downloads\simple_vehicle_counting-master\vs2013\x64\release\cvblob.obj
c:\users\mark\downloads\simple_vehicle_counting-master\vs2013\x64\release\cvaux.obj
c:\users\mark\downloads\simple_vehicle_counting-master\vs2013\x64\release\blobtracking.obj
c:\users\mark\downloads\simple_vehicle_counting-master\vs2013\x64\release\pixelbasedadaptivesegmenter.obj
c:\users\mark\downloads\simple_vehicle_counting-master\vs2013\x64\release\pbas.obj
c:\users\mark\downloads\simple_vehicle_counting-master\vs2013\x64\release\vehiclecouting.obj
c:\users\mark\downloads\simple_vehicle_counting-master\vs2013\x64\release\demo.obj
c:\users\mark\downloads\simple_vehicle_counting-master\vs2013\x64\release\vehicle_counting_x86.exe
c:\users\mark\downloads\simple_vehicle_counting-master\vs2013\x64\release\vehicle_counting_x86.pdb
c:\users\mark\downloads\simple_vehicle_counting-master\vs2013\x64\release\project.tlog\cl.command.1.tlog
c:\users\mark\downloads\simple_vehicle_counting-master\vs2013\x64\release\project.tlog\cl.read.1.tlog
c:\users\mark\downloads\simple_vehicle_counting-master\vs2013\x64\release\project.tlog\cl.write.1.tlog
c:\users\mark\downloads\simple_vehicle_counting-master\vs2013\x64\release\project.tlog\link.command.1.tlog
c:\users\mark\downloads\simple_vehicle_counting-master\vs2013\x64\release\project.tlog\link.read.1.tlog
c:\users\mark\downloads\simple_vehicle_counting-master\vs2013\x64\release\project.tlog\link.write.1.tlog
