d:\segovia project\simple_people_detector\vs2013\x64\debug\vc120.pdb
d:\segovia project\simple_people_detector\vs2013\x64\debug\vc120.idb
d:\segovia project\simple_people_detector\vs2013\x64\debug\demo.obj
d:\segovia project\simple_people_detector\vs2013\x64\debug\cvaux.obj
d:\segovia project\simple_people_detector\vs2013\x64\debug\cvblob.obj
d:\segovia project\simple_people_detector\vs2013\x64\debug\cvcolor.obj
d:\segovia project\simple_people_detector\vs2013\x64\debug\cvcontour.obj
d:\segovia project\simple_people_detector\vs2013\x64\debug\cvlabel.obj
d:\segovia project\simple_people_detector\vs2013\x64\debug\cvtrack.obj
d:\segovia project\simple_people_detector\vs2013\x64\debug\peoplecounting.obj
d:\segovia project\simple_people_detector\vs2013\x64\debug\pbas.obj
d:\segovia project\simple_people_detector\vs2013\x64\debug\pixelbasedadaptivesegmenter.obj
d:\segovia project\simple_people_detector\vs2013\x64\debug\blobtracking.obj
d:\segovia project\simple_people_detector\vs2013\x64\debug\simple people detector.ilk
d:\segovia project\simple_people_detector\vs2013\x64\debug\simple people detector.exe
d:\segovia project\simple_people_detector\vs2013\x64\debug\simple people detector.pdb
d:\segovia project\simple_people_detector\vs2013\x64\debug\project.ilk
d:\segovia project\simple_people_detector\vs2013\x64\debug\project.pdb
d:\segovia project\simple_people_detector\vs2013\x64\debug\simple p.dcf5ee01.tlog\cl.command.1.tlog
d:\segovia project\simple_people_detector\vs2013\x64\debug\simple p.dcf5ee01.tlog\cl.read.1.tlog
d:\segovia project\simple_people_detector\vs2013\x64\debug\simple p.dcf5ee01.tlog\cl.write.1.tlog
d:\segovia project\simple_people_detector\vs2013\x64\debug\simple p.dcf5ee01.tlog\link.command.1.tlog
d:\segovia project\simple_people_detector\vs2013\x64\debug\simple p.dcf5ee01.tlog\link.read.1.tlog
d:\segovia project\simple_people_detector\vs2013\x64\debug\simple p.dcf5ee01.tlog\link.write.1.tlog
